<?xml version="1.0" encoding="UTF-8"?>
<!-- Generated by org.testng.reporters.JUnitXMLReporter -->
<testsuite ignored="0" hostname="MBP-de-Nimesha" failures="0" tests="3" name="Default test" time="4.991" errors="0" timestamp="2024-02-13T05:24:12 EST">
  <testcase classname="com.RestAssuredTesting.AddPost" name="addPost" time="4.022"/>
  <testcase classname="com.RestAssuredTesting.AddPost" name="getAddedPost" time="0.595"/>
  <testcase classname="com.RestAssuredTesting.AddPost" name="getAddedPostCommentor" time="0.304"/>
</testsuite> <!-- Default test -->
