<?xml version="1.0" encoding="UTF-8"?>
<!-- Generated by org.testng.reporters.JUnitXMLReporter -->
<testsuite ignored="0" hostname="MBP-de-Nimesha" failures="0" tests="4" name="Place Search" time="5.454" errors="0" timestamp="2024-02-14T04:32:08 EST">
  <testcase classname="com.RestAssuredTesting.Places" name="searchPlace" time="4.597"/>
  <testcase classname="com.RestAssuredTesting.AddPost" name="addPost" time="0.403"/>
  <testcase classname="com.RestAssuredTesting.AddPost" name="getAddedPost" time="0.226"/>
  <testcase classname="com.RestAssuredTesting.AddPost" name="getAddedPostCommentor" time="0.162"/>
</testsuite> <!-- Place Search -->
