<?xml version="1.0" encoding="UTF-8"?>
<testng-results ignored="0" total="4" passed="4" failed="0" skipped="0">
  <reporter-output>
  </reporter-output>
  <suite started-at="2024-02-14T04:32:02 EST" name="Suite" finished-at="2024-02-14T04:32:08 EST" duration-ms="5454">
    <groups>
    </groups>
    <test started-at="2024-02-14T04:32:02 EST" name="Place Search" finished-at="2024-02-14T04:32:08 EST" duration-ms="5454">
      <class name="com.RestAssuredTesting.Places">
        <test-method signature="searchPlace()[pri:0, instance:com.RestAssuredTesting.Places@20ccf40b]" started-at="2024-02-14T04:32:02 EST" name="searchPlace" finished-at="2024-02-14T04:32:07 EST" duration-ms="4597" status="PASS">
          <reporter-output>
          </reporter-output>
        </test-method> <!-- searchPlace -->
      </class> <!-- com.RestAssuredTesting.Places -->
      <class name="com.RestAssuredTesting.AddPost">
        <test-method signature="addPost()[pri:0, instance:com.RestAssuredTesting.AddPost@43aaf813]" started-at="2024-02-14T04:32:07 EST" name="addPost" finished-at="2024-02-14T04:32:07 EST" duration-ms="403" status="PASS">
          <reporter-output>
          </reporter-output>
        </test-method> <!-- addPost -->
        <test-method signature="getAddedPost()[pri:0, instance:com.RestAssuredTesting.AddPost@43aaf813]" started-at="2024-02-14T04:32:07 EST" name="getAddedPost" finished-at="2024-02-14T04:32:08 EST" duration-ms="226" status="PASS">
          <reporter-output>
          </reporter-output>
        </test-method> <!-- getAddedPost -->
        <test-method signature="getAddedPostCommentor()[pri:0, instance:com.RestAssuredTesting.AddPost@43aaf813]" started-at="2024-02-14T04:32:08 EST" name="getAddedPostCommentor" finished-at="2024-02-14T04:32:08 EST" duration-ms="162" status="PASS">
          <reporter-output>
          </reporter-output>
        </test-method> <!-- getAddedPostCommentor -->
      </class> <!-- com.RestAssuredTesting.AddPost -->
    </test> <!-- Place Search -->
  </suite> <!-- Suite -->
</testng-results>
