<?xml version="1.0" encoding="UTF-8"?>
<!-- Generated by org.testng.reporters.JUnitXMLReporter -->
<testsuite ignored="0" hostname="MBP-de-Nimesha" failures="0" tests="4" name="Place Search" time="1.381" errors="0" timestamp="2024-02-16T08:34:22 EST">
  <testcase classname="com.RestAssuredTesting.DeletePost" name="deletePost" time="0.797"/>
  <testcase classname="com.RestAssuredTesting.GetPostComments" name="getComments" time="0.355"/>
  <testcase classname="com.RestAssuredTesting.GetPosts" name="getPost" time="0.069"/>
  <testcase classname="com.RestAssuredTesting.UpdatePost" name="updatePost" time="0.135"/>
</testsuite> <!-- Place Search -->
