<?xml version="1.0" encoding="UTF-8"?>
<testng-results ignored="0" total="4" passed="4" failed="0" skipped="0">
  <reporter-output>
  </reporter-output>
  <suite started-at="2024-02-16T08:34:21 EST" name="Suite" finished-at="2024-02-16T08:34:22 EST" duration-ms="1381">
    <groups>
    </groups>
    <test started-at="2024-02-16T08:34:21 EST" name="Place Search" finished-at="2024-02-16T08:34:22 EST" duration-ms="1381">
      <class name="com.RestAssuredTesting.GetPostComments">
        <test-method is-config="true" signature="getData()[pri:0, instance:com.RestAssuredTesting.GetPostComments@1b45c0e]" started-at="2024-02-16T08:34:21 EST" name="getData" finished-at="2024-02-16T08:34:21 EST" duration-ms="0" status="PASS">
          <reporter-output>
          </reporter-output>
        </test-method> <!-- getData -->
        <test-method signature="getComments()[pri:0, instance:com.RestAssuredTesting.GetPostComments@1b45c0e]" started-at="2024-02-16T08:34:22 EST" name="getComments" finished-at="2024-02-16T08:34:22 EST" duration-ms="355" status="PASS">
          <reporter-output>
          </reporter-output>
        </test-method> <!-- getComments -->
      </class> <!-- com.RestAssuredTesting.GetPostComments -->
      <class name="com.RestAssuredTesting.GetPosts">
        <test-method is-config="true" signature="getData()[pri:0, instance:com.RestAssuredTesting.GetPosts@11f0a5a1]" started-at="2024-02-16T08:34:21 EST" name="getData" finished-at="2024-02-16T08:34:21 EST" duration-ms="0" status="PASS">
          <reporter-output>
          </reporter-output>
        </test-method> <!-- getData -->
        <test-method signature="getPost()[pri:0, instance:com.RestAssuredTesting.GetPosts@11f0a5a1]" started-at="2024-02-16T08:34:22 EST" name="getPost" finished-at="2024-02-16T08:34:22 EST" duration-ms="69" status="PASS">
          <reporter-output>
          </reporter-output>
        </test-method> <!-- getPost -->
      </class> <!-- com.RestAssuredTesting.GetPosts -->
      <class name="com.RestAssuredTesting.UpdatePost">
        <test-method is-config="true" signature="getData()[pri:0, instance:com.RestAssuredTesting.UpdatePost@10f7f7de]" started-at="2024-02-16T08:34:21 EST" name="getData" finished-at="2024-02-16T08:34:21 EST" duration-ms="1" status="PASS">
          <reporter-output>
          </reporter-output>
        </test-method> <!-- getData -->
        <test-method signature="updatePost()[pri:0, instance:com.RestAssuredTesting.UpdatePost@10f7f7de]" started-at="2024-02-16T08:34:22 EST" name="updatePost" finished-at="2024-02-16T08:34:22 EST" duration-ms="135" status="PASS">
          <reporter-output>
          </reporter-output>
        </test-method> <!-- updatePost -->
      </class> <!-- com.RestAssuredTesting.UpdatePost -->
      <class name="com.RestAssuredTesting.DeletePost">
        <test-method is-config="true" signature="getData()[pri:0, instance:com.RestAssuredTesting.DeletePost@1bae316d]" started-at="2024-02-16T08:34:21 EST" name="getData" finished-at="2024-02-16T08:34:21 EST" duration-ms="7" status="PASS">
          <reporter-output>
          </reporter-output>
        </test-method> <!-- getData -->
        <test-method signature="deletePost()[pri:0, instance:com.RestAssuredTesting.DeletePost@1bae316d]" started-at="2024-02-16T08:34:21 EST" name="deletePost" finished-at="2024-02-16T08:34:22 EST" duration-ms="797" status="PASS">
          <reporter-output>
          </reporter-output>
        </test-method> <!-- deletePost -->
      </class> <!-- com.RestAssuredTesting.DeletePost -->
    </test> <!-- Place Search -->
  </suite> <!-- Suite -->
</testng-results>
