<?xml version="1.0" encoding="UTF-8"?>
<testsuite xmlns:xsi="http://www.w3.org/2001/XMLSchema-instance" xsi:noNamespaceSchemaLocation="https://maven.apache.org/surefire/maven-surefire-plugin/xsd/surefire-test-report-3.0.xsd" version="3.0" name="TestSuite" time="2.139" tests="4" errors="0" skipped="0" failures="0">
  <properties>
[...]
</properties>
  <testcase name="deletePost" classname="com.RestAssuredTesting.DeletePost" time="0.796">
    <system-err><![CDATA[SLF4J: Failed to load class "org.slf4j.impl.StaticLoggerBinder".
SLF4J: Defaulting to no-operation (NOP) logger implementation
SLF4J: See http://www.slf4j.org/codes.html#StaticLoggerBinder for further details.
]]></system-err>
  </testcase>
  <testcase name="getComments" classname="com.RestAssuredTesting.GetPostComments" time="0.355">
    <system-out><![CDATA[08:34:22.688 [TestNG-tests-1] ERROR com.RestAssuredTesting.GetPostComments - The error is for the log4j testing perpose from getComments
]]></system-out>
  </testcase>
  <testcase name="getPost" classname="com.RestAssuredTesting.GetPosts" time="0.07">
    <system-out><![CDATA[08:34:22.763 [TestNG-tests-1] ERROR com.RestAssuredTesting.GetPosts - The error is for the log4j testing perpose from getPost
]]></system-out>
  </testcase>
  <testcase name="updatePost" classname="com.RestAssuredTesting.UpdatePost" time="0.136">
    <system-out><![CDATA[08:34:22.899 [TestNG-tests-1] ERROR com.RestAssuredTesting.UpdatePost - The error is for the log4j testing perpose from updatePost
]]></system-out>
  </testcase>
</testsuite>